<?xml version="1.0" encoding="UTF-8"?>
<testsuite xmlns:xsi="http://www.w3.org/2001/XMLSchema-instance" xsi:noNamespaceSchemaLocation="https://maven.apache.org/surefire/maven-surefire-plugin/xsd/surefire-test-report-3.0.xsd" version="3.0" name="com.uscbinp.app.SystemUserRoleApiContractTest" time="5.665" tests="6" errors="0" skipped="0" failures="0">
  <properties>
[...]
</properties>
  <testcase name="bindRolesShouldAllowClearingAllBindings" classname="com.uscbinp.app.SystemUserRoleApiContractTest" time="0.165">
    <system-out><![CDATA[2026-04-08T15:40:30.892+08:00  INFO 23580 --- [           main] t.c.s.AnnotationConfigContextLoaderUtils : Could not detect default configuration classes for test class [com.uscbinp.app.SystemUserRoleApiContractTest]: SystemUserRoleApiContractTest does not declare any static, non-private, non-final, nested classes annotated with @Configuration.
2026-04-08T15:40:30.897+08:00  INFO 23580 --- [           main] .b.t.c.SpringBootTestContextBootstrapper : Found @SpringBootConfiguration com.uscbinp.app.UscbinpApplication for test class com.uscbinp.app.SystemUserRoleApiContractTest
2026-04-08T15:40:30.947+08:00  INFO 23580 --- [           main] o.s.m.s.b.SimpleBrokerMessageHandler     : Stopping...
2026-04-08T15:40:30.948+08:00  INFO 23580 --- [           main] o.s.m.s.b.SimpleBrokerMessageHandler     : BrokerAvailabilityEvent[available=false, SimpleBrokerMessageHandler [org.springframework.messaging.simp.broker.DefaultSubscriptionRegistry@18e8eb59]]
2026-04-08T15:40:30.948+08:00  INFO 23580 --- [           main] o.s.m.s.b.SimpleBrokerMessageHandler     : Stopped.
]]></system-out>
  </testcase>
  <testcase name="bindRolesWithTokenShouldReturnUnifiedResponse" classname="com.uscbinp.app.SystemUserRoleApiContractTest" time="0.127">
    <system-out><![CDATA[
  .   ____          _            __ _ _
 /\\ / ___'_ __ _ _(_)_ __  __ _ \ \ \ \
( ( )\___ | '_ | '_| | '_ \/ _` | \ \ \ \
 \\/  ___)| |_)| | | | | || (_| |  ) ) ) )
  '  |____| .__|_| |_|_| |_\__, | / / / /
 =========|_|==============|___/=/_/_/_/

 :: Spring Boot ::                (v3.3.4)

2026-04-08T15:40:31.119+08:00  INFO 23580 --- [           main] c.u.app.SystemUserRoleApiContractTest    : Starting SystemUserRoleApiContractTest using Java 17.0.10 with PID 23580 (started by w1328 in E:\Whd\USCBINPforUPN\backend\uscbinp-app)
2026-04-08T15:40:31.121+08:00  INFO 23580 --- [           main] c.u.app.SystemUserRoleApiContractTest    : No active profile set, falling back to 1 default profile: "default"
2026-04-08T15:40:31.899+08:00  INFO 23580 --- [           main] .s.d.r.c.RepositoryConfigurationDelegate : Multiple Spring Data modules found, entering strict repository configuration mode
2026-04-08T15:40:31.900+08:00  INFO 23580 --- [           main] .s.d.r.c.RepositoryConfigurationDelegate : Bootstrapping Spring Data Redis repositories in DEFAULT mode.
2026-04-08T15:40:31.924+08:00  INFO 23580 --- [           main] .s.d.r.c.RepositoryConfigurationDelegate : Finished Spring Data repository scanning in 24 ms. Found 0 Redis repository interfaces.
2026-04-08T15:40:32.126+08:00  WARN 23580 --- [           main] .s.s.UserDetailsServiceAutoConfiguration : 

Using generated security password: 8251b6ba-1e7d-4e97-b79c-7d691677ea5c

This generated password is for development use only. Your security configuration must be updated before running your application in production.

2026-04-08T15:40:32.128+08:00  INFO 23580 --- [           main] r$InitializeUserDetailsManagerConfigurer : Global AuthenticationManager configured with UserDetailsService bean with name inMemoryUserDetailsManager
2026-04-08T15:40:32.299+08:00  INFO 23580 --- [           main] o.s.b.t.m.w.SpringBootMockServletContext : Initializing Spring TestDispatcherServlet ''
2026-04-08T15:40:32.299+08:00  INFO 23580 --- [           main] o.s.t.web.servlet.TestDispatcherServlet  : Initializing Servlet ''
2026-04-08T15:40:32.301+08:00  INFO 23580 --- [           main] o.s.t.web.servlet.TestDispatcherServlet  : Completed initialization in 1 ms
2026-04-08T15:40:32.309+08:00  INFO 23580 --- [           main] o.s.m.s.b.SimpleBrokerMessageHandler     : Starting...
2026-04-08T15:40:32.309+08:00  INFO 23580 --- [           main] o.s.m.s.b.SimpleBrokerMessageHandler     : BrokerAvailabilityEvent[available=true, SimpleBrokerMessageHandler [org.springframework.messaging.simp.broker.DefaultSubscriptionRegistry@522941b2]]
2026-04-08T15:40:32.310+08:00  INFO 23580 --- [           main] o.s.m.s.b.SimpleBrokerMessageHandler     : Started.
2026-04-08T15:40:32.314+08:00  INFO 23580 --- [           main] c.u.app.SystemUserRoleApiContractTest    : Started SystemUserRoleApiContractTest in 1.242 seconds (process running for 15.147)
2026-04-08T15:40:32.351+08:00  INFO 23580 --- [           main] o.s.m.s.b.SimpleBrokerMessageHandler     : Stopping...
2026-04-08T15:40:32.351+08:00  INFO 23580 --- [           main] o.s.m.s.b.SimpleBrokerMessageHandler     : BrokerAvailabilityEvent[available=false, SimpleBrokerMessageHandler [org.springframework.messaging.simp.broker.DefaultSubscriptionRegistry@522941b2]]
2026-04-08T15:40:32.351+08:00  INFO 23580 --- [           main] o.s.m.s.b.SimpleBrokerMessageHandler     : Stopped.
]]></system-out>
  </testcase>
  <testcase name="deletingBoundRoleShouldBeRejectedAndRoleShouldDisappearAfterUnbind" classname="com.uscbinp.app.SystemUserRoleApiContractTest" time="0.106">
    <system-out><![CDATA[
  .   ____          _            __ _ _
 /\\ / ___'_ __ _ _(_)_ __  __ _ \ \ \ \
( ( )\___ | '_ | '_| | '_ \/ _` | \ \ \ \
 \\/  ___)| |_)| | | | | || (_| |  ) ) ) )
  '  |____| .__|_| |_|_| |_\__, | / / / /
 =========|_|==============|___/=/_/_/_/

 :: Spring Boot ::                (v3.3.4)

2026-04-08T15:40:32.480+08:00  INFO 23580 --- [           main] c.u.app.SystemUserRoleApiContractTest    : Starting SystemUserRoleApiContractTest using Java 17.0.10 with PID 23580 (started by w1328 in E:\Whd\USCBINPforUPN\backend\uscbinp-app)
2026-04-08T15:40:32.481+08:00  INFO 23580 --- [           main] c.u.app.SystemUserRoleApiContractTest    : No active profile set, falling back to 1 default profile: "default"
2026-04-08T15:40:33.183+08:00  INFO 23580 --- [           main] .s.d.r.c.RepositoryConfigurationDelegate : Multiple Spring Data modules found, entering strict repository configuration mode
2026-04-08T15:40:33.184+08:00  INFO 23580 --- [           main] .s.d.r.c.RepositoryConfigurationDelegate : Bootstrapping Spring Data Redis repositories in DEFAULT mode.
2026-04-08T15:40:33.209+08:00  INFO 23580 --- [           main] .s.d.r.c.RepositoryConfigurationDelegate : Finished Spring Data repository scanning in 25 ms. Found 0 Redis repository interfaces.
2026-04-08T15:40:33.367+08:00  WARN 23580 --- [           main] .s.s.UserDetailsServiceAutoConfiguration : 

Using generated security password: de415ffe-1264-45c0-97fd-023e0ecd560e

This generated password is for development use only. Your security configuration must be updated before running your application in production.

2026-04-08T15:40:33.368+08:00  INFO 23580 --- [           main] r$InitializeUserDetailsManagerConfigurer : Global AuthenticationManager configured with UserDetailsService bean with name inMemoryUserDetailsManager
2026-04-08T15:40:33.569+08:00  INFO 23580 --- [           main] o.s.b.t.m.w.SpringBootMockServletContext : Initializing Spring TestDispatcherServlet ''
2026-04-08T15:40:33.570+08:00  INFO 23580 --- [           main] o.s.t.web.servlet.TestDispatcherServlet  : Initializing Servlet ''
2026-04-08T15:40:33.571+08:00  INFO 23580 --- [           main] o.s.t.web.servlet.TestDispatcherServlet  : Completed initialization in 1 ms
2026-04-08T15:40:33.579+08:00  INFO 23580 --- [           main] o.s.m.s.b.SimpleBrokerMessageHandler     : Starting...
2026-04-08T15:40:33.579+08:00  INFO 23580 --- [           main] o.s.m.s.b.SimpleBrokerMessageHandler     : BrokerAvailabilityEvent[available=true, SimpleBrokerMessageHandler [org.springframework.messaging.simp.broker.DefaultSubscriptionRegistry@ef21eba]]
2026-04-08T15:40:33.579+08:00  INFO 23580 --- [           main] o.s.m.s.b.SimpleBrokerMessageHandler     : Started.
2026-04-08T15:40:33.583+08:00  INFO 23580 --- [           main] c.u.app.SystemUserRoleApiContractTest    : Started SystemUserRoleApiContractTest in 1.135 seconds (process running for 16.415)
2026-04-08T15:40:33.644+08:00  INFO 23580 --- [           main] o.s.m.s.b.SimpleBrokerMessageHandler     : Stopping...
2026-04-08T15:40:33.645+08:00  INFO 23580 --- [           main] o.s.m.s.b.SimpleBrokerMessageHandler     : BrokerAvailabilityEvent[available=false, SimpleBrokerMessageHandler [org.springframework.messaging.simp.broker.DefaultSubscriptionRegistry@ef21eba]]
2026-04-08T15:40:33.645+08:00  INFO 23580 --- [           main] o.s.m.s.b.SimpleBrokerMessageHandler     : Stopped.
]]></system-out>
  </testcase>
  <testcase name="listUsersWithNonAdminTokenShouldBeRestrictedByRegion" classname="com.uscbinp.app.SystemUserRoleApiContractTest" time="0.195">
    <system-out><![CDATA[
  .   ____          _            __ _ _
 /\\ / ___'_ __ _ _(_)_ __  __ _ \ \ \ \
( ( )\___ | '_ | '_| | '_ \/ _` | \ \ \ \
 \\/  ___)| |_)| | | | | || (_| |  ) ) ) )
  '  |____| .__|_| |_|_| |_\__, | / / / /
 =========|_|==============|___/=/_/_/_/

 :: Spring Boot ::                (v3.3.4)

2026-04-08T15:40:33.730+08:00  INFO 23580 --- [           main] c.u.app.SystemUserRoleApiContractTest    : Starting SystemUserRoleApiContractTest using Java 17.0.10 with PID 23580 (started by w1328 in E:\Whd\USCBINPforUPN\backend\uscbinp-app)
2026-04-08T15:40:33.730+08:00  INFO 23580 --- [           main] c.u.app.SystemUserRoleApiContractTest    : No active profile set, falling back to 1 default profile: "default"
2026-04-08T15:40:34.167+08:00  INFO 23580 --- [           main] .s.d.r.c.RepositoryConfigurationDelegate : Multiple Spring Data modules found, entering strict repository configuration mode
2026-04-08T15:40:34.168+08:00  INFO 23580 --- [           main] .s.d.r.c.RepositoryConfigurationDelegate : Bootstrapping Spring Data Redis repositories in DEFAULT mode.
2026-04-08T15:40:34.198+08:00  INFO 23580 --- [           main] .s.d.r.c.RepositoryConfigurationDelegate : Finished Spring Data repository scanning in 29 ms. Found 0 Redis repository interfaces.
2026-04-08T15:40:34.355+08:00  WARN 23580 --- [           main] .s.s.UserDetailsServiceAutoConfiguration : 

Using generated security password: 08f67509-5426-4e06-8a49-8e175aa01d5a

This generated password is for development use only. Your security configuration must be updated before running your application in production.

2026-04-08T15:40:34.356+08:00  INFO 23580 --- [           main] r$InitializeUserDetailsManagerConfigurer : Global AuthenticationManager configured with UserDetailsService bean with name inMemoryUserDetailsManager
2026-04-08T15:40:34.548+08:00  INFO 23580 --- [           main] o.s.b.t.m.w.SpringBootMockServletContext : Initializing Spring TestDispatcherServlet ''
2026-04-08T15:40:34.548+08:00  INFO 23580 --- [           main] o.s.t.web.servlet.TestDispatcherServlet  : Initializing Servlet ''
2026-04-08T15:40:34.548+08:00  INFO 23580 --- [           main] o.s.t.web.servlet.TestDispatcherServlet  : Completed initialization in 0 ms
2026-04-08T15:40:34.556+08:00  INFO 23580 --- [           main] o.s.m.s.b.SimpleBrokerMessageHandler     : Starting...
2026-04-08T15:40:34.556+08:00  INFO 23580 --- [           main] o.s.m.s.b.SimpleBrokerMessageHandler     : BrokerAvailabilityEvent[available=true, SimpleBrokerMessageHandler [org.springframework.messaging.simp.broker.DefaultSubscriptionRegistry@7d99846f]]
2026-04-08T15:40:34.556+08:00  INFO 23580 --- [           main] o.s.m.s.b.SimpleBrokerMessageHandler     : Started.
2026-04-08T15:40:34.561+08:00  INFO 23580 --- [           main] c.u.app.SystemUserRoleApiContractTest    : Started SystemUserRoleApiContractTest in 0.866 seconds (process running for 17.394)
2026-04-08T15:40:34.655+08:00  INFO 23580 --- [           main] o.s.m.s.b.SimpleBrokerMessageHandler     : Stopping...
2026-04-08T15:40:34.655+08:00  INFO 23580 --- [           main] o.s.m.s.b.SimpleBrokerMessageHandler     : BrokerAvailabilityEvent[available=false, SimpleBrokerMessageHandler [org.springframework.messaging.simp.broker.DefaultSubscriptionRegistry@7d99846f]]
2026-04-08T15:40:34.656+08:00  INFO 23580 --- [           main] o.s.m.s.b.SimpleBrokerMessageHandler     : Stopped.
]]></system-out>
  </testcase>
  <testcase name="listUsersWithTokenShouldReturnUnifiedPagedResponse" classname="com.uscbinp.app.SystemUserRoleApiContractTest" time="0.114">
    <system-out><![CDATA[
  .   ____          _            __ _ _
 /\\ / ___'_ __ _ _(_)_ __  __ _ \ \ \ \
( ( )\___ | '_ | '_| | '_ \/ _` | \ \ \ \
 \\/  ___)| |_)| | | | | || (_| |  ) ) ) )
  '  |____| .__|_| |_|_| |_\__, | / / / /
 =========|_|==============|___/=/_/_/_/

 :: Spring Boot ::                (v3.3.4)

2026-04-08T15:40:34.788+08:00  INFO 23580 --- [           main] c.u.app.SystemUserRoleApiContractTest    : Starting SystemUserRoleApiContractTest using Java 17.0.10 with PID 23580 (started by w1328 in E:\Whd\USCBINPforUPN\backend\uscbinp-app)
2026-04-08T15:40:34.788+08:00  INFO 23580 --- [           main] c.u.app.SystemUserRoleApiContractTest    : No active profile set, falling back to 1 default profile: "default"
2026-04-08T15:40:35.237+08:00  INFO 23580 --- [           main] .s.d.r.c.RepositoryConfigurationDelegate : Multiple Spring Data modules found, entering strict repository configuration mode
2026-04-08T15:40:35.238+08:00  INFO 23580 --- [           main] .s.d.r.c.RepositoryConfigurationDelegate : Bootstrapping Spring Data Redis repositories in DEFAULT mode.
2026-04-08T15:40:35.263+08:00  INFO 23580 --- [           main] .s.d.r.c.RepositoryConfigurationDelegate : Finished Spring Data repository scanning in 25 ms. Found 0 Redis repository interfaces.
2026-04-08T15:40:35.403+08:00  WARN 23580 --- [           main] .s.s.UserDetailsServiceAutoConfiguration : 

Using generated security password: 742651d7-1334-42a3-aedb-5fcaae28b797

This generated password is for development use only. Your security configuration must be updated before running your application in production.

2026-04-08T15:40:35.405+08:00  INFO 23580 --- [           main] r$InitializeUserDetailsManagerConfigurer : Global AuthenticationManager configured with UserDetailsService bean with name inMemoryUserDetailsManager
2026-04-08T15:40:35.542+08:00  INFO 23580 --- [           main] o.s.b.t.m.w.SpringBootMockServletContext : Initializing Spring TestDispatcherServlet ''
2026-04-08T15:40:35.542+08:00  INFO 23580 --- [           main] o.s.t.web.servlet.TestDispatcherServlet  : Initializing Servlet ''
2026-04-08T15:40:35.544+08:00  INFO 23580 --- [           main] o.s.t.web.servlet.TestDispatcherServlet  : Completed initialization in 2 ms
2026-04-08T15:40:35.552+08:00  INFO 23580 --- [           main] o.s.m.s.b.SimpleBrokerMessageHandler     : Starting...
2026-04-08T15:40:35.553+08:00  INFO 23580 --- [           main] o.s.m.s.b.SimpleBrokerMessageHandler     : BrokerAvailabilityEvent[available=true, SimpleBrokerMessageHandler [org.springframework.messaging.simp.broker.DefaultSubscriptionRegistry@2be71a78]]
2026-04-08T15:40:35.553+08:00  INFO 23580 --- [           main] o.s.m.s.b.SimpleBrokerMessageHandler     : Started.
2026-04-08T15:40:35.559+08:00  INFO 23580 --- [           main] c.u.app.SystemUserRoleApiContractTest    : Started SystemUserRoleApiContractTest in 0.797 seconds (process running for 18.391)
2026-04-08T15:40:35.578+08:00  INFO 23580 --- [           main] o.s.m.s.b.SimpleBrokerMessageHandler     : Stopping...
2026-04-08T15:40:35.578+08:00  INFO 23580 --- [           main] o.s.m.s.b.SimpleBrokerMessageHandler     : BrokerAvailabilityEvent[available=false, SimpleBrokerMessageHandler [org.springframework.messaging.simp.broker.DefaultSubscriptionRegistry@2be71a78]]
2026-04-08T15:40:35.578+08:00  INFO 23580 --- [           main] o.s.m.s.b.SimpleBrokerMessageHandler     : Stopped.
]]></system-out>
  </testcase>
  <testcase name="bindRolesWithNonExistentRoleShouldReturnBusinessErrorCode" classname="com.uscbinp.app.SystemUserRoleApiContractTest" time="0.113">
    <system-out><![CDATA[
  .   ____          _            __ _ _
 /\\ / ___'_ __ _ _(_)_ __  __ _ \ \ \ \
( ( )\___ | '_ | '_| | '_ \/ _` | \ \ \ \
 \\/  ___)| |_)| | | | | || (_| |  ) ) ) )
  '  |____| .__|_| |_|_| |_\__, | / / / /
 =========|_|==============|___/=/_/_/_/

 :: Spring Boot ::                (v3.3.4)

2026-04-08T15:40:35.704+08:00  INFO 23580 --- [           main] c.u.app.SystemUserRoleApiContractTest    : Starting SystemUserRoleApiContractTest using Java 17.0.10 with PID 23580 (started by w1328 in E:\Whd\USCBINPforUPN\backend\uscbinp-app)
2026-04-08T15:40:35.705+08:00  INFO 23580 --- [           main] c.u.app.SystemUserRoleApiContractTest    : No active profile set, falling back to 1 default profile: "default"
2026-04-08T15:40:36.161+08:00  INFO 23580 --- [           main] .s.d.r.c.RepositoryConfigurationDelegate : Multiple Spring Data modules found, entering strict repository configuration mode
2026-04-08T15:40:36.161+08:00  INFO 23580 --- [           main] .s.d.r.c.RepositoryConfigurationDelegate : Bootstrapping Spring Data Redis repositories in DEFAULT mode.
2026-04-08T15:40:36.184+08:00  INFO 23580 --- [           main] .s.d.r.c.RepositoryConfigurationDelegate : Finished Spring Data repository scanning in 23 ms. Found 0 Redis repository interfaces.
2026-04-08T15:40:36.309+08:00  WARN 23580 --- [           main] .s.s.UserDetailsServiceAutoConfiguration : 

Using generated security password: 5bbf4db7-6c25-41bc-ad3b-6230ba0e456c

This generated password is for development use only. Your security configuration must be updated before running your application in production.

2026-04-08T15:40:36.311+08:00  INFO 23580 --- [           main] r$InitializeUserDetailsManagerConfigurer : Global AuthenticationManager configured with UserDetailsService bean with name inMemoryUserDetailsManager
2026-04-08T15:40:36.429+08:00  INFO 23580 --- [           main] o.s.b.t.m.w.SpringBootMockServletContext : Initializing Spring TestDispatcherServlet ''
2026-04-08T15:40:36.430+08:00  INFO 23580 --- [           main] o.s.t.web.servlet.TestDispatcherServlet  : Initializing Servlet ''
2026-04-08T15:40:36.430+08:00  INFO 23580 --- [           main] o.s.t.web.servlet.TestDispatcherServlet  : Completed initialization in 0 ms
2026-04-08T15:40:36.434+08:00  INFO 23580 --- [           main] o.s.m.s.b.SimpleBrokerMessageHandler     : Starting...
2026-04-08T15:40:36.434+08:00  INFO 23580 --- [           main] o.s.m.s.b.SimpleBrokerMessageHandler     : BrokerAvailabilityEvent[available=true, SimpleBrokerMessageHandler [org.springframework.messaging.simp.broker.DefaultSubscriptionRegistry@24d8cd8d]]
2026-04-08T15:40:36.435+08:00  INFO 23580 --- [           main] o.s.m.s.b.SimpleBrokerMessageHandler     : Started.
2026-04-08T15:40:36.438+08:00  INFO 23580 --- [           main] c.u.app.SystemUserRoleApiContractTest    : Started SystemUserRoleApiContractTest in 0.758 seconds (process running for 19.27)
2026-04-08T15:40:36.459+08:00  INFO 23580 --- [           main] o.s.m.s.b.SimpleBrokerMessageHandler     : Stopping...
2026-04-08T15:40:36.460+08:00  INFO 23580 --- [           main] o.s.m.s.b.SimpleBrokerMessageHandler     : BrokerAvailabilityEvent[available=false, SimpleBrokerMessageHandler [org.springframework.messaging.simp.broker.DefaultSubscriptionRegistry@24d8cd8d]]
2026-04-08T15:40:36.460+08:00  INFO 23580 --- [           main] o.s.m.s.b.SimpleBrokerMessageHandler     : Stopped.
]]></system-out>
  </testcase>
</testsuite>