<?xml version="1.0" encoding="UTF-8"?>
<testsuite xmlns:xsi="http://www.w3.org/2001/XMLSchema-instance" xsi:noNamespaceSchemaLocation="https://maven.apache.org/surefire/maven-surefire-plugin/xsd/surefire-test-report-3.0.xsd" version="3.0" name="com.uscbinp.app.AlertEventApiContractTest" time="9.338" tests="2" errors="0" skipped="0" failures="0">
  <properties>
[...]
</properties>
  <testcase name="confirmShouldUpdateAlertStatus" classname="com.uscbinp.app.AlertEventApiContractTest" time="1.849">
    <system-out><![CDATA[15:40:18.401 [main] INFO org.springframework.test.context.support.AnnotationConfigContextLoaderUtils -- Could not detect default configuration classes for test class [com.uscbinp.app.AlertEventApiContractTest]: AlertEventApiContractTest does not declare any static, non-private, non-final, nested classes annotated with @Configuration.
15:40:18.604 [main] INFO org.springframework.boot.test.context.SpringBootTestContextBootstrapper -- Found @SpringBootConfiguration com.uscbinp.app.UscbinpApplication for test class com.uscbinp.app.AlertEventApiContractTest

  .   ____          _            __ _ _
 /\\ / ___'_ __ _ _(_)_ __  __ _ \ \ \ \
( ( )\___ | '_ | '_| | '_ \/ _` | \ \ \ \
 \\/  ___)| |_)| | | | | || (_| |  ) ) ) )
  '  |____| .__|_| |_|_| |_\__, | / / / /
 =========|_|==============|___/=/_/_/_/

 :: Spring Boot ::                (v3.3.4)

2026-04-08T15:40:19.243+08:00  INFO 23580 --- [           main] c.uscbinp.app.AlertEventApiContractTest  : Starting AlertEventApiContractTest using Java 17.0.10 with PID 23580 (started by w1328 in E:\Whd\USCBINPforUPN\backend\uscbinp-app)
2026-04-08T15:40:19.244+08:00  INFO 23580 --- [           main] c.uscbinp.app.AlertEventApiContractTest  : No active profile set, falling back to 1 default profile: "default"
2026-04-08T15:40:21.470+08:00  INFO 23580 --- [           main] .s.d.r.c.RepositoryConfigurationDelegate : Multiple Spring Data modules found, entering strict repository configuration mode
2026-04-08T15:40:21.474+08:00  INFO 23580 --- [           main] .s.d.r.c.RepositoryConfigurationDelegate : Bootstrapping Spring Data Redis repositories in DEFAULT mode.
2026-04-08T15:40:21.572+08:00  INFO 23580 --- [           main] .s.d.r.c.RepositoryConfigurationDelegate : Finished Spring Data repository scanning in 78 ms. Found 0 Redis repository interfaces.
2026-04-08T15:40:24.002+08:00  WARN 23580 --- [           main] .s.s.UserDetailsServiceAutoConfiguration : 

Using generated security password: fd0792e6-fa81-430e-8be2-fcd58b882e8c

This generated password is for development use only. Your security configuration must be updated before running your application in production.

2026-04-08T15:40:24.029+08:00  INFO 23580 --- [           main] r$InitializeUserDetailsManagerConfigurer : Global AuthenticationManager configured with UserDetailsService bean with name inMemoryUserDetailsManager
2026-04-08T15:40:25.538+08:00  INFO 23580 --- [           main] o.s.b.t.m.w.SpringBootMockServletContext : Initializing Spring TestDispatcherServlet ''
2026-04-08T15:40:25.539+08:00  INFO 23580 --- [           main] o.s.t.web.servlet.TestDispatcherServlet  : Initializing Servlet ''
2026-04-08T15:40:25.540+08:00  INFO 23580 --- [           main] o.s.t.web.servlet.TestDispatcherServlet  : Completed initialization in 1 ms
2026-04-08T15:40:25.562+08:00  INFO 23580 --- [           main] o.s.m.s.b.SimpleBrokerMessageHandler     : Starting...
2026-04-08T15:40:25.566+08:00  INFO 23580 --- [           main] o.s.m.s.b.SimpleBrokerMessageHandler     : BrokerAvailabilityEvent[available=true, SimpleBrokerMessageHandler [org.springframework.messaging.simp.broker.DefaultSubscriptionRegistry@18e8eb59]]
2026-04-08T15:40:25.567+08:00  INFO 23580 --- [           main] o.s.m.s.b.SimpleBrokerMessageHandler     : Started.
2026-04-08T15:40:25.576+08:00  INFO 23580 --- [           main] c.uscbinp.app.AlertEventApiContractTest  : Started AlertEventApiContractTest in 6.753 seconds (process running for 8.408)
]]></system-out>
  </testcase>
  <testcase name="pageShouldReturnAlertList" classname="com.uscbinp.app.AlertEventApiContractTest" time="0.027"/>
</testsuite>